<?xml version="1.0" encoding="UTF-8"?>
<!-- Generated by org.testng.reporters.JUnitXMLReporter -->
<testsuite hostname="ADFL-1312" ignored="4" name="Surefire test" tests="10" failures="0" timestamp="04 Sep 2022 12:33:24 GMT" time="48.232" errors="0">
  <testcase name="sendPostRequest" time="5.94" classname="chain.CreateIncidentTest"/>
  <testcase name="sendPostRequest" time="4.622" classname="chain.CreateIncidentTest"/>
  <testcase name="sendUpdateRequest" time="3.895" classname="chain.UpdateIncidentTest"/>
  <testcase name="runScenario" time="3.943" classname="io.cucumber.testng.AbstractTestNGCucumberTests"/>
  <testcase name="runScenario" time="3.901" classname="io.cucumber.testng.AbstractTestNGCucumberTests"/>
  <testcase name="runScenario" time="4.04" classname="io.cucumber.testng.AbstractTestNGCucumberTests"/>
  <testcase name="runScenario" time="4.633" classname="io.cucumber.testng.AbstractTestNGCucumberTests"/>
  <testcase name="runScenario" time="5.84" classname="io.cucumber.testng.AbstractTestNGCucumberTests"/>
  <testcase name="sendDeleteRequest" time="4.205" classname="chain.DeleteIncidentTest"/>
  <testcase name="sendGetRequest" time="6.787" classname="chain.GetIncidentTest"/>
  <testcase name="@BeforeSuite before" time="0.0" classname="chain.TestNGSetup">
    <ignored/>
  </testcase> <!-- @BeforeSuite before -->
  <testcase name="@BeforeSuite before" time="0.0" classname="chain.TestNGSetup">
    <ignored/>
  </testcase> <!-- @BeforeSuite before -->
  <testcase name="@BeforeSuite before" time="0.0" classname="chain.TestNGSetup">
    <ignored/>
  </testcase> <!-- @BeforeSuite before -->
  <testcase name="@BeforeSuite before" time="0.0" classname="chain.TestNGSetup">
    <ignored/>
  </testcase> <!-- @BeforeSuite before -->
</testsuite> <!-- Surefire test -->
