<?xml version="1.0" encoding="UTF-8"?>
<!-- Generated by org.testng.reporters.JUnitXMLReporter -->
<testsuite hostname="ADFL-1312" ignored="3" name="Test" tests="5" failures="0" timestamp="2022-09-04T18:01:08 IST" time="46.828" errors="0">
  <testcase name="sendGetRequest" time="13.317" classname="chain.GetIncidentTest"/>
  <testcase name="sendPostRequest" time="4.772" classname="chain.CreateIncidentTest"/>
  <testcase name="sendPostRequest" time="7.68" classname="chain.CreateIncidentTest"/>
  <testcase name="sendUpdateRequest" time="15.321" classname="chain.UpdateIncidentTest"/>
  <testcase name="sendDeleteRequest" time="5.535" classname="chain.DeleteIncidentTest"/>
  <testcase name="@BeforeSuite before" time="0.0" classname="chain.TestNGSetup">
    <ignored/>
  </testcase> <!-- @BeforeSuite before -->
  <testcase name="@BeforeSuite before" time="0.0" classname="chain.TestNGSetup">
    <ignored/>
  </testcase> <!-- @BeforeSuite before -->
  <testcase name="@BeforeSuite before" time="0.0" classname="chain.TestNGSetup">
    <ignored/>
  </testcase> <!-- @BeforeSuite before -->
</testsuite> <!-- Test -->
